# JRE version: OpenJDK Runtime Environment JBR-21.0.8+9-1148.57-nomod (21.0.8+9) (build 21.0.8+9-b1148.57)
# Java VM: OpenJDK 64-Bit Server VM JBR-21.0.8+9-1148.57-nomod (21.0.8+9-b1148.57, mixed mode, sharing, tiered, compressed oops, compressed class ptrs, g1 gc, windows-amd64)
GC Precious Log:
 CardTable entry size: 512
 Card Set container configuration: InlinePtr #cards 4 size 8 Array Of Cards #cards 64 size 144 Howl #buckets 8 coarsen threshold 14745 Howl Bitmap #cards 2048 size 272 coarsen threshold 1843 Card regions per heap region 1 cards per card region 16384
 CPUs: 8 total, 8 available
 Memory: 49085M
 Large Page Support: Disabled
 NUMA Support: Disabled
 Compressed Oops: Enabled (Zero based)
 Heap Region Size: 8M
 Heap Min Capacity: 8M
 Heap Initial Capacity: 768M
 Heap Max Capacity: 12272M
 Pre-touch: Disabled
 Parallel Workers: 8
 Concurrent Workers: 2
 Concurrent Refinement Workers: 8
 Periodic GC: Disabled
Heap:
 garbage-first heap   total 507904K, used 163081K [0x0000000501000000, 0x0000000800000000)
  region size 8192K, 3 young (24576K), 3 survivors (24576K)
 Metaspace       used 74541K, committed 75264K, reserved 1179648K
  class space    used 9602K, committed 9920K, reserved 1048576K
GC Heap History (20 events):
Event: 35.074 GC heap after
{Heap after GC invocations=38 (full 0):
 garbage-first heap   total 286720K, used 100315K [0x0000000501000000, 0x0000000800000000)
  region size 8192K, 2 young (16384K), 2 survivors (16384K)
 Metaspace       used 71871K, committed 72576K, reserved 1114112K
  class space    used 9302K, committed 9600K, reserved 1048576K
}
Event: 35.179 GC heap before
{Heap before GC invocations=38 (full 0):
 garbage-first heap   total 286720K, used 239579K [0x0000000501000000, 0x0000000800000000)
  region size 8192K, 19 young (155648K), 2 survivors (16384K)
 Metaspace       used 71884K, committed 72576K, reserved 1114112K
  class space    used 9303K, committed 9600K, reserved 1048576K
}
Event: 35.183 GC heap after
{Heap after GC invocations=39 (full 0):
 garbage-first heap   total 286720K, used 104147K [0x0000000501000000, 0x0000000800000000)
  region size 8192K, 2 young (16384K), 2 survivors (16384K)
 Metaspace       used 71884K, committed 72576K, reserved 1114112K
  class space    used 9303K, committed 9600K, reserved 1048576K
}
Event: 35.376 GC heap before
{Heap before GC invocations=39 (full 0):
 garbage-first heap   total 286720K, used 235219K [0x0000000501000000, 0x0000000800000000)
  region size 8192K, 19 young (155648K), 2 survivors (16384K)
 Metaspace       used 71894K, committed 72576K, reserved 1114112K
  class space    used 9303K, committed 9600K, reserved 1048576K
}
Event: 35.383 GC heap after
{Heap after GC invocations=40 (full 0):
 garbage-first heap   total 401408K, used 107173K [0x0000000501000000, 0x0000000800000000)
  region size 8192K, 2 young (16384K), 2 survivors (16384K)
 Metaspace       used 71894K, committed 72576K, reserved 1114112K
  class space    used 9303K, committed 9600K, reserved 1048576K
}
Event: 35.644 GC heap before
{Heap before GC invocations=40 (full 0):
 garbage-first heap   total 401408K, used 328357K [0x0000000501000000, 0x0000000800000000)
  region size 8192K, 29 young (237568K), 2 survivors (16384K)
 Metaspace       used 72088K, committed 72768K, reserved 1114112K
  class space    used 9314K, committed 9600K, reserved 1048576K
}
Event: 35.649 GC heap after
{Heap after GC invocations=41 (full 0):
 garbage-first heap   total 401408K, used 112756K [0x0000000501000000, 0x0000000800000000)
  region size 8192K, 3 young (24576K), 3 survivors (24576K)
 Metaspace       used 72088K, committed 72768K, reserved 1114112K
  class space    used 9314K, committed 9600K, reserved 1048576K
}
Event: 35.805 GC heap before
{Heap before GC invocations=41 (full 0):
 garbage-first heap   total 401408K, used 317556K [0x0000000501000000, 0x0000000800000000)
  region size 8192K, 29 young (237568K), 3 survivors (24576K)
 Metaspace       used 72090K, committed 72768K, reserved 1114112K
  class space    used 9314K, committed 9600K, reserved 1048576K
}
Event: 35.810 GC heap after
{Heap after GC invocations=42 (full 0):
 garbage-first heap   total 401408K, used 118691K [0x0000000501000000, 0x0000000800000000)
  region size 8192K, 3 young (24576K), 3 survivors (24576K)
 Metaspace       used 72090K, committed 72768K, reserved 1114112K
  class space    used 9314K, committed 9600K, reserved 1048576K
}
Event: 35.959 GC heap before
{Heap before GC invocations=42 (full 0):
 garbage-first heap   total 401408K, used 331683K [0x0000000501000000, 0x0000000800000000)
  region size 8192K, 29 young (237568K), 3 survivors (24576K)
 Metaspace       used 72568K, committed 73216K, reserved 1114112K
  class space    used 9366K, committed 9664K, reserved 1048576K
}
Event: 35.965 GC heap after
{Heap after GC invocations=43 (full 0):
 garbage-first heap   total 401408K, used 124532K [0x0000000501000000, 0x0000000800000000)
  region size 8192K, 3 young (24576K), 3 survivors (24576K)
 Metaspace       used 72568K, committed 73216K, reserved 1114112K
  class space    used 9366K, committed 9664K, reserved 1048576K
}
Event: 36.140 GC heap before
{Heap before GC invocations=43 (full 0):
 garbage-first heap   total 401408K, used 329332K [0x0000000501000000, 0x0000000800000000)
  region size 8192K, 29 young (237568K), 3 survivors (24576K)
 Metaspace       used 73523K, committed 74176K, reserved 1114112K
  class space    used 9519K, committed 9792K, reserved 1048576K
}
Event: 36.146 GC heap after
{Heap after GC invocations=44 (full 0):
 garbage-first heap   total 507904K, used 134643K [0x0000000501000000, 0x0000000800000000)
  region size 8192K, 3 young (24576K), 3 survivors (24576K)
 Metaspace       used 73523K, committed 74176K, reserved 1114112K
  class space    used 9519K, committed 9792K, reserved 1048576K
}
Event: 36.458 GC heap before
{Heap before GC invocations=44 (full 0):
 garbage-first heap   total 507904K, used 413171K [0x0000000501000000, 0x0000000800000000)
  region size 8192K, 37 young (303104K), 3 survivors (24576K)
 Metaspace       used 74307K, committed 75008K, reserved 1114112K
  class space    used 9602K, committed 9920K, reserved 1048576K
}
Event: 36.464 GC heap after
{Heap after GC invocations=45 (full 0):
 garbage-first heap   total 507904K, used 140055K [0x0000000501000000, 0x0000000800000000)
  region size 8192K, 4 young (32768K), 4 survivors (32768K)
 Metaspace       used 74307K, committed 75008K, reserved 1114112K
  class space    used 9602K, committed 9920K, reserved 1048576K
}
Event: 36.674 GC heap before
{Heap before GC invocations=45 (full 0):
 garbage-first heap   total 507904K, used 410391K [0x0000000501000000, 0x0000000800000000)
  region size 8192K, 37 young (303104K), 4 survivors (32768K)
 Metaspace       used 74447K, committed 75200K, reserved 1179648K
  class space    used 9602K, committed 9920K, reserved 1048576K
}
Event: 36.682 GC heap after
{Heap after GC invocations=46 (full 0):
 garbage-first heap   total 507904K, used 145990K [0x0000000501000000, 0x0000000800000000)
  region size 8192K, 4 young (32768K), 4 survivors (32768K)
 Metaspace       used 74447K, committed 75200K, reserved 1179648K
  class space    used 9602K, committed 9920K, reserved 1048576K
}
Event: 36.894 GC heap before
{Heap before GC invocations=46 (full 0):
 garbage-first heap   total 507904K, used 416326K [0x0000000501000000, 0x0000000800000000)
  region size 8192K, 37 young (303104K), 4 survivors (32768K)
 Metaspace       used 74529K, committed 75264K, reserved 1179648K
  class space    used 9602K, committed 9920K, reserved 1048576K
}
Event: 36.902 GC heap after
{Heap after GC invocations=47 (full 0):
 garbage-first heap   total 507904K, used 155540K [0x0000000501000000, 0x0000000800000000)
  region size 8192K, 3 young (24576K), 3 survivors (24576K)
 Metaspace       used 74529K, committed 75264K, reserved 1179648K
  class space    used 9602K, committed 9920K, reserved 1048576K
}
Event: 37.066 GC heap before
{Heap before GC invocations=47 (full 0):
 garbage-first heap   total 507904K, used 425876K [0x0000000501000000, 0x0000000800000000)
  region size 8192K, 37 young (303104K), 3 survivors (24576K)
 Metaspace       used 74541K, committed 75264K, reserved 1179648K
  class space    used 9602K, committed 9920K, reserved 1048576K
}

